<?xml version="1.0" encoding="UTF-8"?>
<!DOCTYPE html PUBLIC "-//W3C//DTD XHTML 1.0 Strict//EN" "http://www.w3.org/TR/xhtml1/DTD/xhtml1-strict.dtd">
<html xmlns="http://www.w3.org/1999/xhtml">
<head>
    <title>Web Selenium Test Report</title>
    <meta name="generator" content="HTMLTestRunner 0.8.2"/>
    <meta http-equiv="Content-Type" content="text/html; charset=UTF-8"/>
	<link rel="stylesheet" href="http://cdn.bootcss.com/bootstrap/3.3.0/css/bootstrap.min.css">
	<script src="http://cdn.bootcss.com/bootstrap/3.3.0/js/bootstrap.min.js"></script>
    
<style type="text/css" media="screen">
body        { font-family: verdana, arial, helvetica, sans-serif; font-size: 80%; }
table       { font-size: 100%; }
pre         { }

/* -- heading ---------------------------------------------------------------------- */
h1 {
	font-size: 16pt;
	color: gray;
}
.heading {
    margin-top: 0ex;
    margin-bottom: 1ex;
}

.heading .attribute {
    margin-top: 1ex;
    margin-bottom: 0;
}

.heading .description {
    margin-top: 4ex;
    margin-bottom: 6ex;
}

/* -- css div popup ------------------------------------------------------------------------ */
a.popup_link {
}

a.popup_link:hover {
    color: red;
}

.popup_window {
    display: none;
    position: relative;
    left: 0px;
    top: 0px;
    /*border: solid #627173 1px; */
    padding: 10px;
    background-color: #E6E6D6;
    font-family: "Lucida Console", "Courier New", Courier, monospace;
    text-align: left;
    font-size: 8pt;
    width: 500px;
}

}
/* -- report ------------------------------------------------------------------------ */
#show_detail_line {
    margin-top: 3ex;
    margin-bottom: 1ex;
}
#result_table {
    width: 80%;
    border-collapse: collapse;
    border: 1px solid #777;
}
#header_row {
    font-weight: bold;
    color: white;
    background-color: #777;
}
#result_table td {
    border: 1px solid #777;
    padding: 2px;
}
#total_row  { font-weight: bold; }
.passClass  { background-color: #6c6; }
.failClass  { background-color: #c60; }
.errorClass { background-color: #c00; }
.passCase   { color: #6c6; }
.failCase   { color: #c60; font-weight: bold; }
.errorCase  { color: #c00; font-weight: bold; }
.hiddenRow  { display: none; }
.testcase   { margin-left: 2em; }


/* -- ending ---------------------------------------------------------------------- */
#ending {
}

</style>

</head>
<body>
<script language="javascript" type="text/javascript"><!--
output_list = Array();

/* level - 0:Summary; 1:Failed; 2:All */
function showCase(level) {
    trs = document.getElementsByTagName("tr");
    for (var i = 0; i < trs.length; i++) {
        tr = trs[i];
        id = tr.id;
        if (id.substr(0,2) == 'ft') {
            if (level < 1) {
                tr.className = 'hiddenRow';
            }
            else {
                tr.className = '';
            }
        }
        if (id.substr(0,2) == 'pt') {
            if (level > 1) {
                tr.className = '';
            }
            else {
                tr.className = 'hiddenRow';
            }
        }
    }
}


function showClassDetail(cid, count) {
    var id_list = Array(count);
    var toHide = 1;
    for (var i = 0; i < count; i++) {
        tid0 = 't' + cid.substr(1) + '.' + (i+1);
        tid = 'f' + tid0;
        tr = document.getElementById(tid);
        if (!tr) {
            tid = 'p' + tid0;
            tr = document.getElementById(tid);
        }
        id_list[i] = tid;
        if (tr.className) {
            toHide = 0;
        }
    }
    for (var i = 0; i < count; i++) {
        tid = id_list[i];
        if (toHide) {
            document.getElementById('div_'+tid).style.display = 'none'
            document.getElementById(tid).className = 'hiddenRow';
        }
        else {
            document.getElementById(tid).className = '';
        }
    }
}


function showTestDetail(div_id){
    var details_div = document.getElementById(div_id)
    var displayState = details_div.style.display
    // alert(displayState)
    if (displayState != 'block' ) {
        displayState = 'block'
        details_div.style.display = 'block'
    }
    else {
        details_div.style.display = 'none'
    }
}


function html_escape(s) {
    s = s.replace(/&/g,'&amp;');
    s = s.replace(/</g,'&lt;');
    s = s.replace(/>/g,'&gt;');
    return s;
}

/* obsoleted by detail in <div>
function showOutput(id, name) {
    var w = window.open("", //url
                    name,
                    "resizable,scrollbars,status,width=800,height=450");
    d = w.document;
    d.write("<pre>");
    d.write(html_escape(output_list[id]));
    d.write("\n");
    d.write("<a href='javascript:window.close()'>close</a>\n");
    d.write("</pre>\n");
    d.close();
}
*/
--></script>

<div class='heading'>
<h1>Web Selenium Test Report</h1>
<p class='attribute'><strong>Start Time:</strong> 2017-04-27 17:06:40</p>
<p class='attribute'><strong>Duration:</strong> 0:06:31.723742</p>
<p class='attribute'><strong>Status:</strong> Pass 3 Failure 1 Error 10</p>

<p class='description'>The results are following:</p>
</div>



<p id='show_detail_line'>Show
<a href='javascript:showCase(0)' class="btn btn-xs btn-primary">Summary</a>
<a href='javascript:showCase(1)' class="btn btn-xs btn-danger">Failed</a>
<a href='javascript:showCase(2)' class="btn btn-xs btn-info">All</a>
</p>
<table id='result_table'>
<colgroup>
<col align='left' />
<col align='right' />
<col align='right' />
<col align='right' />
<col align='right' />
<col align='right' />
</colgroup>
<tr id='header_row'>
    <td>Test Group/Test case</td>
    <td>Count</td>
    <td>Pass</td>
    <td>Fail</td>
    <td>Error</td>
    <td>View</td>
</tr>

<tr class='passClass'>
    <td>test_01_open_baidu.TestSearch</td>
    <td>1</td>
    <td>1</td>
    <td>0</td>
    <td>0</td>
    <td><a href="javascript:showClassDetail('c1',1)">Detail</a></td>
</tr>

<tr id='pt1.1' class='hiddenRow'>
    <td class='none'><div class='testcase'>test_baidu</div></td>
    <td colspan='5' align='center'>pass</td>
</tr>

<tr class='errorClass'>
    <td>test_02_login_126mail.TestLogin</td>
    <td>1</td>
    <td>0</td>
    <td>0</td>
    <td>1</td>
    <td><a href="javascript:showClassDetail('c2',1)">Detail</a></td>
</tr>

<tr id='ft2.1' class='none'>
    <td class='errorCase'><div class='testcase'>test_login</div></td>
    <td colspan='5' align='center'>

    <!--css div popup start-->
    <a class="popup_link" onfocus='this.blur();' href="javascript:showTestDetail('div_ft2.1')" >
        error</a>

    <div id='div_ft2.1' class="popup_window">
        <div style='text-align: right; color:red;cursor:pointer'>
        <a onfocus='this.blur();' onclick="document.getElementById('div_ft2.1').style.display = 'none' " >
           [x]</a>
        </div>
        <pre>
        
ft2.1: Traceback (most recent call last):
  File "D:\python_pycharmWorkspace\python36\Web_Test_Selenium\test_case\test_02_login_126mail.py", line 25, in test_login
    driver.find_element_by_id("idInput").clear()
  File "C:\Python36\lib\site-packages\selenium\webdriver\remote\webdriver.py", line 266, in find_element_by_id
    return self.find_element(by=By.ID, value=id_)
  File "C:\Python36\lib\site-packages\selenium\webdriver\remote\webdriver.py", line 744, in find_element
    {'using': by, 'value': value})['value']
  File "C:\Python36\lib\site-packages\selenium\webdriver\remote\webdriver.py", line 233, in execute
    self.error_handler.check_response(response)
  File "C:\Python36\lib\site-packages\selenium\webdriver\remote\errorhandler.py", line 194, in check_response
    raise exception_class(message, screen, stacktrace)
selenium.common.exceptions.NoSuchElementException: Message: Unable to locate element: {"method":"id","selector":"idInput"}
Stacktrace:
    at FirefoxDriver.prototype.findElementInternal_ (file:///C:/Users/admin/AppData/Local/Temp/tmpxs7iulu3/extensions/fxdriver@googlecode.com/components/driver-component.js:10770)
    at fxdriver.Timer.prototype.setTimeout/&lt;.notify (file:///C:/Users/admin/AppData/Local/Temp/tmpxs7iulu3/extensions/fxdriver@googlecode.com/components/driver-component.js:625)


        </pre>
    </div>
    <!--css div popup end-->

    </td>
</tr>

<tr class='errorClass'>
    <td>test_03_login_via_function.TestLogin</td>
    <td>2</td>
    <td>0</td>
    <td>0</td>
    <td>2</td>
    <td><a href="javascript:showClassDetail('c3',2)">Detail</a></td>
</tr>

<tr id='ft3.1' class='none'>
    <td class='errorCase'><div class='testcase'>test_login</div></td>
    <td colspan='5' align='center'>

    <!--css div popup start-->
    <a class="popup_link" onfocus='this.blur();' href="javascript:showTestDetail('div_ft3.1')" >
        error</a>

    <div id='div_ft3.1' class="popup_window">
        <div style='text-align: right; color:red;cursor:pointer'>
        <a onfocus='this.blur();' onclick="document.getElementById('div_ft3.1').style.display = 'none' " >
           [x]</a>
        </div>
        <pre>
        
ft3.1: Traceback (most recent call last):
  File "D:\python_pycharmWorkspace\python36\Web_Test_Selenium\test_case\test_03_login_via_function.py", line 37, in test_login
    login.login(self, 'xxxxx', 'xxxxx')  # 输入你的邮箱账号和密码
  File "D:\python_pycharmWorkspace\python36\Web_Test_Selenium\public_web\login.py", line 14, in login
    driver.find_element_by_id("idInput").clear()
  File "C:\Python36\lib\site-packages\selenium\webdriver\remote\webdriver.py", line 266, in find_element_by_id
    return self.find_element(by=By.ID, value=id_)
  File "C:\Python36\lib\site-packages\selenium\webdriver\remote\webdriver.py", line 744, in find_element
    {'using': by, 'value': value})['value']
  File "C:\Python36\lib\site-packages\selenium\webdriver\remote\webdriver.py", line 233, in execute
    self.error_handler.check_response(response)
  File "C:\Python36\lib\site-packages\selenium\webdriver\remote\errorhandler.py", line 194, in check_response
    raise exception_class(message, screen, stacktrace)
selenium.common.exceptions.NoSuchElementException: Message: Unable to locate element: {"method":"id","selector":"idInput"}
Stacktrace:
    at FirefoxDriver.prototype.findElementInternal_ (file:///C:/Users/admin/AppData/Local/Temp/tmp0q4dxbmx/extensions/fxdriver@googlecode.com/components/driver-component.js:10770)
    at fxdriver.Timer.prototype.setTimeout/&lt;.notify (file:///C:/Users/admin/AppData/Local/Temp/tmp0q4dxbmx/extensions/fxdriver@googlecode.com/components/driver-component.js:625)


        </pre>
    </div>
    <!--css div popup end-->

    </td>
</tr>

<tr id='ft3.2' class='none'>
    <td class='errorCase'><div class='testcase'>test_search_mail</div></td>
    <td colspan='5' align='center'>

    <!--css div popup start-->
    <a class="popup_link" onfocus='this.blur();' href="javascript:showTestDetail('div_ft3.2')" >
        error</a>

    <div id='div_ft3.2' class="popup_window">
        <div style='text-align: right; color:red;cursor:pointer'>
        <a onfocus='this.blur();' onclick="document.getElementById('div_ft3.2').style.display = 'none' " >
           [x]</a>
        </div>
        <pre>
        
ft3.2: Traceback (most recent call last):
  File "D:\python_pycharmWorkspace\python36\Web_Test_Selenium\test_case\test_03_login_via_function.py", line 50, in test_search_mail
    login.login(self, 'xxxxx', 'xxxxx')
  File "D:\python_pycharmWorkspace\python36\Web_Test_Selenium\public_web\login.py", line 14, in login
    driver.find_element_by_id("idInput").clear()
  File "C:\Python36\lib\site-packages\selenium\webdriver\remote\webdriver.py", line 266, in find_element_by_id
    return self.find_element(by=By.ID, value=id_)
  File "C:\Python36\lib\site-packages\selenium\webdriver\remote\webdriver.py", line 744, in find_element
    {'using': by, 'value': value})['value']
  File "C:\Python36\lib\site-packages\selenium\webdriver\remote\webdriver.py", line 233, in execute
    self.error_handler.check_response(response)
  File "C:\Python36\lib\site-packages\selenium\webdriver\remote\errorhandler.py", line 194, in check_response
    raise exception_class(message, screen, stacktrace)
selenium.common.exceptions.NoSuchElementException: Message: Unable to locate element: {"method":"id","selector":"idInput"}
Stacktrace:
    at FirefoxDriver.prototype.findElementInternal_ (file:///C:/Users/admin/AppData/Local/Temp/tmp085yuhvp/extensions/fxdriver@googlecode.com/components/driver-component.js:10770)
    at fxdriver.Timer.prototype.setTimeout/&lt;.notify (file:///C:/Users/admin/AppData/Local/Temp/tmp085yuhvp/extensions/fxdriver@googlecode.com/components/driver-component.js:625)


        </pre>
    </div>
    <!--css div popup end-->

    </td>
</tr>

<tr class='errorClass'>
    <td>unittest.loader._FailedTest</td>
    <td>1</td>
    <td>0</td>
    <td>0</td>
    <td>1</td>
    <td><a href="javascript:showClassDetail('c4',1)">Detail</a></td>
</tr>

<tr id='ft4.1' class='none'>
    <td class='errorCase'><div class='testcase'>test_04_login_via_xml</div></td>
    <td colspan='5' align='center'>

    <!--css div popup start-->
    <a class="popup_link" onfocus='this.blur();' href="javascript:showTestDetail('div_ft4.1')" >
        error</a>

    <div id='div_ft4.1' class="popup_window">
        <div style='text-align: right; color:red;cursor:pointer'>
        <a onfocus='this.blur();' onclick="document.getElementById('div_ft4.1').style.display = 'none' " >
           [x]</a>
        </div>
        <pre>
        
ft4.1: ImportError: Failed to import test module: test_04_login_via_xml
Traceback (most recent call last):
  File "C:\Python36\lib\unittest\loader.py", line 428, in _find_test_path
    module = self._get_module_from_name(name)
  File "C:\Python36\lib\unittest\loader.py", line 369, in _get_module_from_name
    __import__(name)
  File "D:\python_pycharmWorkspace\python36\Web_Test_Selenium\test_case\test_04_login_via_xml.py", line 26, in &lt;module&gt;
    dom = xml.dom.minidom.parse(fpath)
  File "C:\Python36\lib\xml\dom\minidom.py", line 1958, in parse
    return expatbuilder.parse(file)
  File "C:\Python36\lib\xml\dom\expatbuilder.py", line 910, in parse
    with open(file, 'rb') as fp:
FileNotFoundError: [Errno 2] No such file or directory: 'D:\\python_pycharmWorkspace\\python36\\Web_Test_Seleniumtest_data\\login.xml'



        </pre>
    </div>
    <!--css div popup end-->

    </td>
</tr>

<tr class='passClass'>
    <td>test_05_config_firefox.TestConfigFirefox</td>
    <td>1</td>
    <td>1</td>
    <td>0</td>
    <td>0</td>
    <td><a href="javascript:showClassDetail('c5',1)">Detail</a></td>
</tr>

<tr id='pt5.1' class='hiddenRow'>
    <td class='none'><div class='testcase'>test_baidu</div></td>
    <td colspan='5' align='center'>pass</td>
</tr>

<tr class='errorClass'>
    <td>test_06_delete_mail.TestDel</td>
    <td>1</td>
    <td>0</td>
    <td>0</td>
    <td>1</td>
    <td><a href="javascript:showClassDetail('c6',1)">Detail</a></td>
</tr>

<tr id='ft6.1' class='none'>
    <td class='errorCase'><div class='testcase'>test_del_mail</div></td>
    <td colspan='5' align='center'>

    <!--css div popup start-->
    <a class="popup_link" onfocus='this.blur();' href="javascript:showTestDetail('div_ft6.1')" >
        error</a>

    <div id='div_ft6.1' class="popup_window">
        <div style='text-align: right; color:red;cursor:pointer'>
        <a onfocus='this.blur();' onclick="document.getElementById('div_ft6.1').style.display = 'none' " >
           [x]</a>
        </div>
        <pre>
        
ft6.1: Traceback (most recent call last):
  File "D:\python_pycharmWorkspace\python36\Web_Test_Selenium\test_case\test_06_delete_mail.py", line 38, in test_del_mail
    login.login(self, 'xxxx', 'xxxx')
  File "D:\python_pycharmWorkspace\python36\Web_Test_Selenium\public_web\login.py", line 14, in login
    driver.find_element_by_id("idInput").clear()
  File "C:\Python36\lib\site-packages\selenium\webdriver\remote\webdriver.py", line 266, in find_element_by_id
    return self.find_element(by=By.ID, value=id_)
  File "C:\Python36\lib\site-packages\selenium\webdriver\remote\webdriver.py", line 744, in find_element
    {'using': by, 'value': value})['value']
  File "C:\Python36\lib\site-packages\selenium\webdriver\remote\webdriver.py", line 233, in execute
    self.error_handler.check_response(response)
  File "C:\Python36\lib\site-packages\selenium\webdriver\remote\errorhandler.py", line 194, in check_response
    raise exception_class(message, screen, stacktrace)
selenium.common.exceptions.NoSuchElementException: Message: Unable to locate element: {"method":"id","selector":"idInput"}
Stacktrace:
    at FirefoxDriver.prototype.findElementInternal_ (file:///C:/Users/admin/AppData/Local/Temp/tmp7tu04hzr/extensions/fxdriver@googlecode.com/components/driver-component.js:10770)
    at fxdriver.Timer.prototype.setTimeout/&lt;.notify (file:///C:/Users/admin/AppData/Local/Temp/tmp7tu04hzr/extensions/fxdriver@googlecode.com/components/driver-component.js:625)


        </pre>
    </div>
    <!--css div popup end-->

    </td>
</tr>

<tr class='errorClass'>
    <td>test_07_search_mail.TestSearch</td>
    <td>1</td>
    <td>0</td>
    <td>0</td>
    <td>1</td>
    <td><a href="javascript:showClassDetail('c7',1)">Detail</a></td>
</tr>

<tr id='ft7.1' class='none'>
    <td class='errorCase'><div class='testcase'>test_search_mail</div></td>
    <td colspan='5' align='center'>

    <!--css div popup start-->
    <a class="popup_link" onfocus='this.blur();' href="javascript:showTestDetail('div_ft7.1')" >
        error</a>

    <div id='div_ft7.1' class="popup_window">
        <div style='text-align: right; color:red;cursor:pointer'>
        <a onfocus='this.blur();' onclick="document.getElementById('div_ft7.1').style.display = 'none' " >
           [x]</a>
        </div>
        <pre>
        
ft7.1: Traceback (most recent call last):
  File "D:\python_pycharmWorkspace\python36\Web_Test_Selenium\test_case\test_07_search_mail.py", line 35, in test_search_mail
    login.login(self, 'xxxx', 'xxxx')
  File "D:\python_pycharmWorkspace\python36\Web_Test_Selenium\public_web\login.py", line 14, in login
    driver.find_element_by_id("idInput").clear()
  File "C:\Python36\lib\site-packages\selenium\webdriver\remote\webdriver.py", line 266, in find_element_by_id
    return self.find_element(by=By.ID, value=id_)
  File "C:\Python36\lib\site-packages\selenium\webdriver\remote\webdriver.py", line 744, in find_element
    {'using': by, 'value': value})['value']
  File "C:\Python36\lib\site-packages\selenium\webdriver\remote\webdriver.py", line 233, in execute
    self.error_handler.check_response(response)
  File "C:\Python36\lib\site-packages\selenium\webdriver\remote\errorhandler.py", line 194, in check_response
    raise exception_class(message, screen, stacktrace)
selenium.common.exceptions.NoSuchElementException: Message: Unable to locate element: {"method":"id","selector":"idInput"}
Stacktrace:
    at FirefoxDriver.prototype.findElementInternal_ (file:///C:/Users/admin/AppData/Local/Temp/tmpzdpcjajr/extensions/fxdriver@googlecode.com/components/driver-component.js:10770)
    at fxdriver.Timer.prototype.setTimeout/&lt;.notify (file:///C:/Users/admin/AppData/Local/Temp/tmpzdpcjajr/extensions/fxdriver@googlecode.com/components/driver-component.js:625)


        </pre>
    </div>
    <!--css div popup end-->

    </td>
</tr>

<tr class='errorClass'>
    <td>test_08_send_mail.TestSendMail</td>
    <td>4</td>
    <td>0</td>
    <td>0</td>
    <td>4</td>
    <td><a href="javascript:showClassDetail('c8',4)">Detail</a></td>
</tr>

<tr id='ft8.1' class='none'>
    <td class='errorCase'><div class='testcase'>test_send_mail</div></td>
    <td colspan='5' align='center'>

    <!--css div popup start-->
    <a class="popup_link" onfocus='this.blur();' href="javascript:showTestDetail('div_ft8.1')" >
        error</a>

    <div id='div_ft8.1' class="popup_window">
        <div style='text-align: right; color:red;cursor:pointer'>
        <a onfocus='this.blur();' onclick="document.getElementById('div_ft8.1').style.display = 'none' " >
           [x]</a>
        </div>
        <pre>
        
ft8.1: Traceback (most recent call last):
  File "D:\python_pycharmWorkspace\python36\Web_Test_Selenium\test_case\test_08_send_mail.py", line 48, in test_send_mail
    login.login(self, "xxxx", "xxxx")
  File "D:\python_pycharmWorkspace\python36\Web_Test_Selenium\public_web\login.py", line 14, in login
    driver.find_element_by_id("idInput").clear()
  File "C:\Python36\lib\site-packages\selenium\webdriver\remote\webdriver.py", line 266, in find_element_by_id
    return self.find_element(by=By.ID, value=id_)
  File "C:\Python36\lib\site-packages\selenium\webdriver\remote\webdriver.py", line 744, in find_element
    {'using': by, 'value': value})['value']
  File "C:\Python36\lib\site-packages\selenium\webdriver\remote\webdriver.py", line 233, in execute
    self.error_handler.check_response(response)
  File "C:\Python36\lib\site-packages\selenium\webdriver\remote\errorhandler.py", line 194, in check_response
    raise exception_class(message, screen, stacktrace)
selenium.common.exceptions.NoSuchElementException: Message: Unable to locate element: {"method":"id","selector":"idInput"}
Stacktrace:
    at FirefoxDriver.prototype.findElementInternal_ (file:///C:/Users/admin/AppData/Local/Temp/tmpgg5xkwgk/extensions/fxdriver@googlecode.com/components/driver-component.js:10770)
    at fxdriver.Timer.prototype.setTimeout/&lt;.notify (file:///C:/Users/admin/AppData/Local/Temp/tmpgg5xkwgk/extensions/fxdriver@googlecode.com/components/driver-component.js:625)


        </pre>
    </div>
    <!--css div popup end-->

    </td>
</tr>

<tr id='ft8.2' class='none'>
    <td class='errorCase'><div class='testcase'>test_send_mail2</div></td>
    <td colspan='5' align='center'>

    <!--css div popup start-->
    <a class="popup_link" onfocus='this.blur();' href="javascript:showTestDetail('div_ft8.2')" >
        error</a>

    <div id='div_ft8.2' class="popup_window">
        <div style='text-align: right; color:red;cursor:pointer'>
        <a onfocus='this.blur();' onclick="document.getElementById('div_ft8.2').style.display = 'none' " >
           [x]</a>
        </div>
        <pre>
        
ft8.2: Traceback (most recent call last):
  File "D:\python_pycharmWorkspace\python36\Web_Test_Selenium\test_case\test_08_send_mail.py", line 66, in test_send_mail2
    login.login(self, "xxxx", "xxxx")
  File "D:\python_pycharmWorkspace\python36\Web_Test_Selenium\public_web\login.py", line 14, in login
    driver.find_element_by_id("idInput").clear()
  File "C:\Python36\lib\site-packages\selenium\webdriver\remote\webdriver.py", line 266, in find_element_by_id
    return self.find_element(by=By.ID, value=id_)
  File "C:\Python36\lib\site-packages\selenium\webdriver\remote\webdriver.py", line 744, in find_element
    {'using': by, 'value': value})['value']
  File "C:\Python36\lib\site-packages\selenium\webdriver\remote\webdriver.py", line 233, in execute
    self.error_handler.check_response(response)
  File "C:\Python36\lib\site-packages\selenium\webdriver\remote\errorhandler.py", line 194, in check_response
    raise exception_class(message, screen, stacktrace)
selenium.common.exceptions.NoSuchElementException: Message: Unable to locate element: {"method":"id","selector":"idInput"}
Stacktrace:
    at FirefoxDriver.prototype.findElementInternal_ (file:///C:/Users/admin/AppData/Local/Temp/tmp62cpg5u3/extensions/fxdriver@googlecode.com/components/driver-component.js:10770)
    at fxdriver.Timer.prototype.setTimeout/&lt;.notify (file:///C:/Users/admin/AppData/Local/Temp/tmp62cpg5u3/extensions/fxdriver@googlecode.com/components/driver-component.js:625)


        </pre>
    </div>
    <!--css div popup end-->

    </td>
</tr>

<tr id='ft8.3' class='none'>
    <td class='errorCase'><div class='testcase'>test_send_mail3</div></td>
    <td colspan='5' align='center'>

    <!--css div popup start-->
    <a class="popup_link" onfocus='this.blur();' href="javascript:showTestDetail('div_ft8.3')" >
        error</a>

    <div id='div_ft8.3' class="popup_window">
        <div style='text-align: right; color:red;cursor:pointer'>
        <a onfocus='this.blur();' onclick="document.getElementById('div_ft8.3').style.display = 'none' " >
           [x]</a>
        </div>
        <pre>
        
ft8.3: Traceback (most recent call last):
  File "D:\python_pycharmWorkspace\python36\Web_Test_Selenium\test_case\test_08_send_mail.py", line 88, in test_send_mail3
    login.login(self, "xxx", "xxx")
  File "D:\python_pycharmWorkspace\python36\Web_Test_Selenium\public_web\login.py", line 14, in login
    driver.find_element_by_id("idInput").clear()
  File "C:\Python36\lib\site-packages\selenium\webdriver\remote\webdriver.py", line 266, in find_element_by_id
    return self.find_element(by=By.ID, value=id_)
  File "C:\Python36\lib\site-packages\selenium\webdriver\remote\webdriver.py", line 744, in find_element
    {'using': by, 'value': value})['value']
  File "C:\Python36\lib\site-packages\selenium\webdriver\remote\webdriver.py", line 233, in execute
    self.error_handler.check_response(response)
  File "C:\Python36\lib\site-packages\selenium\webdriver\remote\errorhandler.py", line 194, in check_response
    raise exception_class(message, screen, stacktrace)
selenium.common.exceptions.NoSuchElementException: Message: Unable to locate element: {"method":"id","selector":"idInput"}
Stacktrace:
    at FirefoxDriver.prototype.findElementInternal_ (file:///C:/Users/admin/AppData/Local/Temp/tmp12wax9_e/extensions/fxdriver@googlecode.com/components/driver-component.js:10770)
    at fxdriver.Timer.prototype.setTimeout/&lt;.notify (file:///C:/Users/admin/AppData/Local/Temp/tmp12wax9_e/extensions/fxdriver@googlecode.com/components/driver-component.js:625)


        </pre>
    </div>
    <!--css div popup end-->

    </td>
</tr>

<tr id='ft8.4' class='none'>
    <td class='errorCase'><div class='testcase'>test_send_mail4</div></td>
    <td colspan='5' align='center'>

    <!--css div popup start-->
    <a class="popup_link" onfocus='this.blur();' href="javascript:showTestDetail('div_ft8.4')" >
        error</a>

    <div id='div_ft8.4' class="popup_window">
        <div style='text-align: right; color:red;cursor:pointer'>
        <a onfocus='this.blur();' onclick="document.getElementById('div_ft8.4').style.display = 'none' " >
           [x]</a>
        </div>
        <pre>
        
ft8.4: Traceback (most recent call last):
  File "D:\python_pycharmWorkspace\python36\Web_Test_Selenium\test_case\test_08_send_mail.py", line 110, in test_send_mail4
    login.login(self, "xxx", "xxx")
  File "D:\python_pycharmWorkspace\python36\Web_Test_Selenium\public_web\login.py", line 14, in login
    driver.find_element_by_id("idInput").clear()
  File "C:\Python36\lib\site-packages\selenium\webdriver\remote\webdriver.py", line 266, in find_element_by_id
    return self.find_element(by=By.ID, value=id_)
  File "C:\Python36\lib\site-packages\selenium\webdriver\remote\webdriver.py", line 744, in find_element
    {'using': by, 'value': value})['value']
  File "C:\Python36\lib\site-packages\selenium\webdriver\remote\webdriver.py", line 233, in execute
    self.error_handler.check_response(response)
  File "C:\Python36\lib\site-packages\selenium\webdriver\remote\errorhandler.py", line 194, in check_response
    raise exception_class(message, screen, stacktrace)
selenium.common.exceptions.NoSuchElementException: Message: Unable to locate element: {"method":"id","selector":"idInput"}
Stacktrace:
    at FirefoxDriver.prototype.findElementInternal_ (file:///C:/Users/admin/AppData/Local/Temp/tmpoht7w6n9/extensions/fxdriver@googlecode.com/components/driver-component.js:10770)
    at fxdriver.Timer.prototype.setTimeout/&lt;.notify (file:///C:/Users/admin/AppData/Local/Temp/tmpoht7w6n9/extensions/fxdriver@googlecode.com/components/driver-component.js:625)


        </pre>
    </div>
    <!--css div popup end-->

    </td>
</tr>

<tr class='failClass'>
    <td>test_html_report.TestSearch</td>
    <td>2</td>
    <td>1</td>
    <td>1</td>
    <td>0</td>
    <td><a href="javascript:showClassDetail('c9',2)">Detail</a></td>
</tr>

<tr id='ft9.1' class='none'>
    <td class='failCase'><div class='testcase'>test_fail</div></td>
    <td colspan='5' align='center'>

    <!--css div popup start-->
    <a class="popup_link" onfocus='this.blur();' href="javascript:showTestDetail('div_ft9.1')" >
        fail</a>

    <div id='div_ft9.1' class="popup_window">
        <div style='text-align: right; color:red;cursor:pointer'>
        <a onfocus='this.blur();' onclick="document.getElementById('div_ft9.1').style.display = 'none' " >
           [x]</a>
        </div>
        <pre>
        
ft9.1: Traceback (most recent call last):
  File "D:\python_pycharmWorkspace\python36\Web_Test_Selenium\test_case\test_html_report.py", line 23, in test_fail
    self.assertEqual(1, 2, '1不等于2')
AssertionError: 1 != 2 : 1不等于2


        </pre>
    </div>
    <!--css div popup end-->

    </td>
</tr>

<tr id='pt9.2' class='hiddenRow'>
    <td class='none'><div class='testcase'>test_pass</div></td>
    <td colspan='5' align='center'>pass</td>
</tr>

<tr id='total_row'>
    <td>Total</td>
    <td>14</td>
    <td class="text text-success">3</td>
    <td class="text text-danger">1</td>
    <td class="text text-warning">10</td>
    <td>&nbsp;</td>
</tr>
</table>

<div id='ending'>&nbsp;</div>

</body>
</html>
